<?xml version="1.0" encoding="UTF-8"?>
<!-- Generated by org.testng.reporters.JUnitXMLReporter -->
<testsuite ignored="0" hostname="HAMC02T91Y4G8WL" failures="0" tests="2" name="Default test" time="31.354" errors="0" timestamp="2021-03-22T02:42:58 CET">
  <testcase classname="com.WeatherShopper.testcases.BuyBodyLotionTest" name="buyBodyLotionTest" time="15.374"/>
  <testcase classname="com.WeatherShopper.testcases.BuyBodyLotionTest" name="buyBodyLotionTest" time="14.508"/>
</testsuite> <!-- Default test -->
