<?xml version="1.0" encoding="UTF-8"?>
<!-- Generated by org.testng.reporters.JUnitXMLReporter -->
<testsuite ignored="0" hostname="HAMC02T91Y4G8WL" failures="0" tests="3" name="Default test" time="3.42" errors="0" timestamp="2021-03-22T01:10:14 CET">
  <testcase classname="com.WeatherShopper.testcases.ProductTypeTest" name="productTypeTest" time="2.672"/>
  <testcase classname="com.WeatherShopper.testcases.ProductTypeTest" name="productTypeTest" time="0.002">
    <skipped/>
  </testcase> <!-- productTypeTest -->
  <testcase classname="com.WeatherShopper.testcases.ProductTypeTest" name="productTypeTest" time="0.001">
    <skipped/>
  </testcase> <!-- productTypeTest -->
</testsuite> <!-- Default test -->
