<?xml version="1.0" encoding="UTF-8"?>
<testng-results ignored="0" total="1" passed="1" failed="0" skipped="0">
  <reporter-output>
  </reporter-output>
  <suite started-at="2021-03-16T20:20:10 CET" name="Default suite" finished-at="2021-03-16T20:20:17 CET" duration-ms="7566">
    <groups>
    </groups>
    <test started-at="2021-03-16T20:20:10 CET" name="Default test" finished-at="2021-03-16T20:20:17 CET" duration-ms="7566">
      <class name="com.WeatherShopper.ProductTypeTest">
        <test-method signature="chooseProductType()[pri:0, instance:com.WeatherShopper.ProductTypeTest@7671cb68]" started-at="2021-03-16T20:20:10 CET" name="chooseProductType" finished-at="2021-03-16T20:20:17 CET" duration-ms="7532" status="PASS">
          <reporter-output>
          </reporter-output>
        </test-method> <!-- chooseProductType -->
      </class> <!-- com.WeatherShopper.ProductTypeTest -->
    </test> <!-- Default test -->
  </suite> <!-- Default suite -->
</testng-results>
