<?xml version="1.0" encoding="UTF-8"?>
<testng-results ignored="0" total="3" passed="1" failed="0" skipped="2">
  <reporter-output>
  </reporter-output>
  <suite started-at="2021-03-22T01:10:11 CET" name="Default suite" finished-at="2021-03-22T01:10:14 CET" duration-ms="3420">
    <groups>
    </groups>
    <test started-at="2021-03-22T01:10:11 CET" name="Default test" finished-at="2021-03-22T01:10:14 CET" duration-ms="3420">
      <class name="com.WeatherShopper.testcases.ProductTypeTest">
        <test-method is-config="true" signature="initialize(org.testng.ITestResult)[pri:0, instance:com.WeatherShopper.testcases.ProductTypeTest@68b32e3e]" started-at="2021-03-22T01:10:11 CET" name="initialize" finished-at="2021-03-22T01:10:11 CET" duration-ms="254" status="PASS">
          <params>
            <param index="0">
              <value>
                <![CDATA[[TestResult name={null} status=CREATED method=ProductTypeTest.productTypeTest(java.util.Hashtable)[pri:0, instance:com.WeatherShopper.testcases.ProductTypeTest@68b32e3e] output={null}]]]>
              </value>
            </param>
          </params>
          <reporter-output>
          </reporter-output>
        </test-method> <!-- initialize -->
        <test-method signature="productTypeTest(java.util.Hashtable)[pri:0, instance:com.WeatherShopper.testcases.ProductTypeTest@68b32e3e]" started-at="2021-03-22T01:10:11 CET" name="productTypeTest" data-provider="getData" finished-at="2021-03-22T01:10:14 CET" duration-ms="2672" status="PASS">
          <params>
            <param index="0">
              <value>
                <![CDATA[{Runmode=Y, Browser=safari}]]>
              </value>
            </param>
          </params>
          <reporter-output>
          </reporter-output>
        </test-method> <!-- productTypeTest -->
        <test-method is-config="true" signature="quit()[pri:0, instance:com.WeatherShopper.testcases.ProductTypeTest@68b32e3e]" started-at="2021-03-22T01:10:14 CET" name="quit" finished-at="2021-03-22T01:10:14 CET" duration-ms="384" status="PASS">
          <reporter-output>
          </reporter-output>
        </test-method> <!-- quit -->
        <test-method is-config="true" signature="initialize(org.testng.ITestResult)[pri:0, instance:com.WeatherShopper.testcases.ProductTypeTest@68b32e3e]" started-at="2021-03-22T01:10:14 CET" name="initialize" finished-at="2021-03-22T01:10:14 CET" duration-ms="0" status="PASS">
          <params>
            <param index="0">
              <value>
                <![CDATA[[TestResult name={null} status=CREATED method=ProductTypeTest.productTypeTest(java.util.Hashtable)[pri:0, instance:com.WeatherShopper.testcases.ProductTypeTest@68b32e3e] output={null}]]]>
              </value>
            </param>
          </params>
          <reporter-output>
          </reporter-output>
        </test-method> <!-- initialize -->
        <test-method signature="productTypeTest(java.util.Hashtable)[pri:0, instance:com.WeatherShopper.testcases.ProductTypeTest@68b32e3e]" started-at="2021-03-22T01:10:14 CET" name="productTypeTest" data-provider="getData" finished-at="2021-03-22T01:10:14 CET" duration-ms="2" status="SKIP">
          <params>
            <param index="0">
              <value>
                <![CDATA[{Runmode=N, Browser=firefox}]]>
              </value>
            </param>
          </params>
          <exception class="org.testng.SkipException">
            <message>
              <![CDATA[Skipping the test as Runmode is No]]>
            </message>
            <full-stacktrace>
              <![CDATA[org.testng.SkipException: Skipping the test as Runmode is No
at com.WeatherShopper.testcases.ProductTypeTest.productTypeTest(ProductTypeTest.java:40)
at java.base/jdk.internal.reflect.NativeMethodAccessorImpl.invoke0(Native Method)
at java.base/jdk.internal.reflect.NativeMethodAccessorImpl.invoke(NativeMethodAccessorImpl.java:62)
at java.base/jdk.internal.reflect.DelegatingMethodAccessorImpl.invoke(DelegatingMethodAccessorImpl.java:43)
at java.base/java.lang.reflect.Method.invoke(Method.java:566)
at org.testng.internal.MethodInvocationHelper.invokeMethod(MethodInvocationHelper.java:132)
at org.testng.internal.TestInvoker.invokeMethod(TestInvoker.java:599)
at org.testng.internal.TestInvoker.invokeTestMethod(TestInvoker.java:174)
at org.testng.internal.MethodRunner.runInSequence(MethodRunner.java:46)
at org.testng.internal.TestInvoker$MethodInvocationAgent.invoke(TestInvoker.java:822)
at org.testng.internal.TestInvoker.invokeTestMethods(TestInvoker.java:147)
at org.testng.internal.TestMethodWorker.invokeTestMethods(TestMethodWorker.java:146)
at org.testng.internal.TestMethodWorker.run(TestMethodWorker.java:128)
at java.base/java.util.ArrayList.forEach(ArrayList.java:1540)
at org.testng.TestRunner.privateRun(TestRunner.java:764)
at org.testng.TestRunner.run(TestRunner.java:585)
at org.testng.SuiteRunner.runTest(SuiteRunner.java:384)
at org.testng.SuiteRunner.runSequentially(SuiteRunner.java:378)
at org.testng.SuiteRunner.privateRun(SuiteRunner.java:337)
at org.testng.SuiteRunner.run(SuiteRunner.java:286)
at org.testng.SuiteRunnerWorker.runSuite(SuiteRunnerWorker.java:53)
at org.testng.SuiteRunnerWorker.run(SuiteRunnerWorker.java:96)
at org.testng.TestNG.runSuitesSequentially(TestNG.java:1218)
at org.testng.TestNG.runSuitesLocally(TestNG.java:1140)
at org.testng.TestNG.runSuites(TestNG.java:1069)
at org.testng.TestNG.run(TestNG.java:1037)
at org.testng.remote.AbstractRemoteTestNG.run(AbstractRemoteTestNG.java:115)
at org.testng.remote.RemoteTestNG.initAndRun(RemoteTestNG.java:251)
at org.testng.remote.RemoteTestNG.main(RemoteTestNG.java:77)
]]>
            </full-stacktrace>
          </exception> <!-- org.testng.SkipException -->
          <reporter-output>
          </reporter-output>
        </test-method> <!-- productTypeTest -->
        <test-method is-config="true" signature="quit()[pri:0, instance:com.WeatherShopper.testcases.ProductTypeTest@68b32e3e]" started-at="2021-03-22T01:10:14 CET" name="quit" finished-at="2021-03-22T01:10:14 CET" duration-ms="14" status="PASS">
          <reporter-output>
          </reporter-output>
        </test-method> <!-- quit -->
        <test-method is-config="true" signature="initialize(org.testng.ITestResult)[pri:0, instance:com.WeatherShopper.testcases.ProductTypeTest@68b32e3e]" started-at="2021-03-22T01:10:14 CET" name="initialize" finished-at="2021-03-22T01:10:14 CET" duration-ms="0" status="PASS">
          <params>
            <param index="0">
              <value>
                <![CDATA[[TestResult name={null} status=CREATED method=ProductTypeTest.productTypeTest(java.util.Hashtable)[pri:0, instance:com.WeatherShopper.testcases.ProductTypeTest@68b32e3e] output={null}]]]>
              </value>
            </param>
          </params>
          <reporter-output>
          </reporter-output>
        </test-method> <!-- initialize -->
        <test-method signature="productTypeTest(java.util.Hashtable)[pri:0, instance:com.WeatherShopper.testcases.ProductTypeTest@68b32e3e]" started-at="2021-03-22T01:10:14 CET" name="productTypeTest" data-provider="getData" finished-at="2021-03-22T01:10:14 CET" duration-ms="1" status="SKIP">
          <params>
            <param index="0">
              <value>
                <![CDATA[{Runmode=N, Browser=chrome}]]>
              </value>
            </param>
          </params>
          <exception class="org.testng.SkipException">
            <message>
              <![CDATA[Skipping the test as Runmode is No]]>
            </message>
            <full-stacktrace>
              <![CDATA[org.testng.SkipException: Skipping the test as Runmode is No
at com.WeatherShopper.testcases.ProductTypeTest.productTypeTest(ProductTypeTest.java:40)
at java.base/jdk.internal.reflect.NativeMethodAccessorImpl.invoke0(Native Method)
at java.base/jdk.internal.reflect.NativeMethodAccessorImpl.invoke(NativeMethodAccessorImpl.java:62)
at java.base/jdk.internal.reflect.DelegatingMethodAccessorImpl.invoke(DelegatingMethodAccessorImpl.java:43)
at java.base/java.lang.reflect.Method.invoke(Method.java:566)
at org.testng.internal.MethodInvocationHelper.invokeMethod(MethodInvocationHelper.java:132)
at org.testng.internal.TestInvoker.invokeMethod(TestInvoker.java:599)
at org.testng.internal.TestInvoker.invokeTestMethod(TestInvoker.java:174)
at org.testng.internal.MethodRunner.runInSequence(MethodRunner.java:46)
at org.testng.internal.TestInvoker$MethodInvocationAgent.invoke(TestInvoker.java:822)
at org.testng.internal.TestInvoker.invokeTestMethods(TestInvoker.java:147)
at org.testng.internal.TestMethodWorker.invokeTestMethods(TestMethodWorker.java:146)
at org.testng.internal.TestMethodWorker.run(TestMethodWorker.java:128)
at java.base/java.util.ArrayList.forEach(ArrayList.java:1540)
at org.testng.TestRunner.privateRun(TestRunner.java:764)
at org.testng.TestRunner.run(TestRunner.java:585)
at org.testng.SuiteRunner.runTest(SuiteRunner.java:384)
at org.testng.SuiteRunner.runSequentially(SuiteRunner.java:378)
at org.testng.SuiteRunner.privateRun(SuiteRunner.java:337)
at org.testng.SuiteRunner.run(SuiteRunner.java:286)
at org.testng.SuiteRunnerWorker.runSuite(SuiteRunnerWorker.java:53)
at org.testng.SuiteRunnerWorker.run(SuiteRunnerWorker.java:96)
at org.testng.TestNG.runSuitesSequentially(TestNG.java:1218)
at org.testng.TestNG.runSuitesLocally(TestNG.java:1140)
at org.testng.TestNG.runSuites(TestNG.java:1069)
at org.testng.TestNG.run(TestNG.java:1037)
at org.testng.remote.AbstractRemoteTestNG.run(AbstractRemoteTestNG.java:115)
at org.testng.remote.RemoteTestNG.initAndRun(RemoteTestNG.java:251)
at org.testng.remote.RemoteTestNG.main(RemoteTestNG.java:77)
]]>
            </full-stacktrace>
          </exception> <!-- org.testng.SkipException -->
          <reporter-output>
          </reporter-output>
        </test-method> <!-- productTypeTest -->
        <test-method is-config="true" signature="quit()[pri:0, instance:com.WeatherShopper.testcases.ProductTypeTest@68b32e3e]" started-at="2021-03-22T01:10:14 CET" name="quit" finished-at="2021-03-22T01:10:14 CET" duration-ms="11" status="PASS">
          <reporter-output>
          </reporter-output>
        </test-method> <!-- quit -->
      </class> <!-- com.WeatherShopper.testcases.ProductTypeTest -->
    </test> <!-- Default test -->
  </suite> <!-- Default suite -->
</testng-results>
